::1 - - [03/Jan/2026 10:34:02] "GET / HTTP/1.1" 200 -
::1 - - [03/Jan/2026 10:34:02] "GET /assets/js/tailwind-config.js HTTP/1.1" 200 -
::1 - - [03/Jan/2026 10:34:02] "GET /assets/css/style.css HTTP/1.1" 200 -
::1 - - [03/Jan/2026 10:34:05] code 404, message File not found
::1 - - [03/Jan/2026 10:34:05] "GET /favicon.ico HTTP/1.1" 404 -
::1 - - [03/Jan/2026 10:34:11] "GET /privacy.html HTTP/1.1" 200 -
::1 - - [03/Jan/2026 10:34:16] "GET /terms.html HTTP/1.1" 200 -
::1 - - [03/Jan/2026 10:37:09] "GET /terms.html HTTP/1.1" 304 -
::1 - - [03/Jan/2026 10:37:09] "GET /assets/js/tailwind-config.js HTTP/1.1" 304 -
::1 - - [03/Jan/2026 10:37:09] "GET /assets/css/style.css HTTP/1.1" 304 -
::1 - - [03/Jan/2026 10:37:13] "GET /terms.html HTTP/1.1" 304 -
::1 - - [03/Jan/2026 10:37:18] "GET /index.html HTTP/1.1" 200 -
::1 - - [03/Jan/2026 10:39:28] "GET /index.html HTTP/1.1" 200 -
::1 - - [03/Jan/2026 10:39:28] "GET /assets/css/style.css HTTP/1.1" 304 -
::1 - - [03/Jan/2026 10:39:28] "GET /assets/js/tailwind-config.js HTTP/1.1" 304 -
::1 - - [03/Jan/2026 10:40:34] "GET /privacy.html HTTP/1.1" 200 -
::1 - - [03/Jan/2026 10:40:42] "GET /index.html HTTP/1.1" 304 -
::1 - - [03/Jan/2026 10:41:54] "GET /index.html HTTP/1.1" 200 -
::1 - - [03/Jan/2026 10:41:54] "GET /assets/js/tailwind-config.js HTTP/1.1" 200 -
::1 - - [03/Jan/2026 10:41:54] "GET /assets/css/style.css HTTP/1.1" 304 -
::1 - - [03/Jan/2026 10:42:12] "GET /privacy.html HTTP/1.1" 200 -
::1 - - [03/Jan/2026 10:42:12] "GET /assets/js/tailwind-config.js HTTP/1.1" 304 -
::1 - - [03/Jan/2026 10:43:13] "GET /index.html HTTP/1.1" 200 -
::1 - - [03/Jan/2026 10:43:13] "GET /assets/js/tailwind-config.js HTTP/1.1" 304 -
::1 - - [03/Jan/2026 10:49:50] "GET /index.html HTTP/1.1" 200 -
::1 - - [03/Jan/2026 10:49:50] "GET /assets/css/style.css HTTP/1.1" 304 -
::1 - - [03/Jan/2026 10:49:50] "GET /assets/js/tailwind-config.js HTTP/1.1" 304 -
::1 - - [03/Jan/2026 10:52:16] "GET /index.html HTTP/1.1" 200 -
::1 - - [03/Jan/2026 10:52:16] "GET /assets/js/tailwind-config.js HTTP/1.1" 304 -
::1 - - [03/Jan/2026 10:52:16] "GET /assets/css/style.css HTTP/1.1" 304 -
::1 - - [03/Jan/2026 11:01:50] "GET /index.html HTTP/1.1" 200 -
::1 - - [03/Jan/2026 11:01:50] "GET /assets/images/obh-logo.png HTTP/1.1" 200 -
::1 - - [03/Jan/2026 11:01:50] "GET /assets/js/tailwind-config.js HTTP/1.1" 304 -
::1 - - [03/Jan/2026 11:01:50] "GET /assets/css/style.css HTTP/1.1" 304 -
::1 - - [03/Jan/2026 11:01:50] "GET /assets/images/app-screenshot-02.webp HTTP/1.1" 200 -
::1 - - [03/Jan/2026 11:01:50] "GET /assets/images/app-screenshot-01.webp HTTP/1.1" 200 -
::1 - - [03/Jan/2026 11:03:20] "GET /privacy.html HTTP/1.1" 200 -
::1 - - [03/Jan/2026 11:04:08] "GET /privacy.html HTTP/1.1" 200 -
::1 - - [03/Jan/2026 11:04:08] "GET /assets/js/tailwind-config.js HTTP/1.1" 304 -
::1 - - [03/Jan/2026 11:04:22] "GET /index.html HTTP/1.1" 200 -
::1 - - [03/Jan/2026 11:04:22] "GET /assets/images/app-screenshot-02.webp HTTP/1.1" 304 -
::1 - - [03/Jan/2026 11:04:22] "GET /assets/images/app-screenshot-01.webp HTTP/1.1" 304 -
::1 - - [03/Jan/2026 11:08:59] "GET /privacy.html HTTP/1.1" 304 -
::1 - - [03/Jan/2026 11:08:59] "GET /assets/css/style.css HTTP/1.1" 304 -
::1 - - [03/Jan/2026 11:08:59] "GET /assets/js/tailwind-config.js HTTP/1.1" 304 -
::1 - - [03/Jan/2026 11:09:09] "GET /index.html HTTP/1.1" 304 -
::1 - - [03/Jan/2026 11:09:09] "GET /assets/images/app-screenshot-02.webp HTTP/1.1" 304 -
::1 - - [03/Jan/2026 11:09:09] "GET /assets/images/app-screenshot-01.webp HTTP/1.1" 304 -
